2016-07-19 11:16:50 - MLog clients using slf4j logging.
2016-07-19 11:16:50 - Initializing c3p0-0.9.5.2 [built 08-December-2015 22:06:04 -0800; debug? true; trace: 10]
2016-07-19 11:16:50 - Create the parameters for the new employee. 
2016-07-19 11:16:50 - Adding the employee to table. 
2016-07-19 11:16:50 - Initializing c3p0 pool... com.mchange.v2.c3p0.ComboPooledDataSource [ acquireIncrement -> 1, acquireRetryAttempts -> 30, acquireRetryDelay -> 1000, autoCommitOnClose -> false, automaticTestTable -> null, breakAfterAcquireFailure -> false, checkoutTimeout -> 0, connectionCustomizerClassName -> null, connectionTesterClassName -> com.mchange.v2.c3p0.impl.DefaultConnectionTester, contextClassLoaderSource -> caller, dataSourceName -> 1hge0yu9im9id91j41qlq|41fbdac4, debugUnreturnedConnectionStackTraces -> false, description -> null, driverClass -> org.postgresql.Driver, extensions -> {}, factoryClassLocation -> null, forceIgnoreUnresolvedTransactions -> false, forceSynchronousCheckins -> false, forceUseNamedDriverClass -> false, identityToken -> 1hge0yu9im9id91j41qlq|41fbdac4, idleConnectionTestPeriod -> 0, initialPoolSize -> 3, jdbcUrl -> jdbc:postgresql://localhost:5432/restaurant, maxAdministrativeTaskTime -> 0, maxConnectionAge -> 0, maxIdleTime -> 0, maxIdleTimeExcessConnections -> 0, maxPoolSize -> 15, maxStatements -> 0, maxStatementsPerConnection -> 0, minPoolSize -> 1, numHelperThreads -> 3, preferredTestQuery -> null, privilegeSpawnedThreads -> false, properties -> {user=******, password=******}, propertyCycle -> 0, statementCacheNumDeferredCloseThreads -> 0, testConnectionOnCheckin -> false, testConnectionOnCheckout -> false, unreturnedConnectionTimeout -> 0, userOverrides -> {}, usesTraditionalReflectiveProxies -> false ]
2016-07-19 11:16:54 - Delete the employee from the table. 
2016-07-19 11:16:54 - Find the employee in the table by the name: Maksym
2016-07-19 11:16:54 - Selecting the employee list. 
2016-07-19 11:16:54 - Create the parameters for the new dish. 
2016-07-19 11:16:54 - Adding the dish to table. Dish{id=30, name='Napoleon', category=3, price=50.0, weight=300.0}
2016-07-19 11:16:54 - Delete the dish from the table. 
2016-07-19 11:16:54 - Finding the dish with specific name: Pork
2016-07-19 11:16:54 - Selecting the dish list. 
2016-07-19 11:18:17 - MLog clients using slf4j logging.
2016-07-19 11:18:17 - Initializing c3p0-0.9.5.2 [built 08-December-2015 22:06:04 -0800; debug? true; trace: 10]
2016-07-19 11:18:17 - Create the parameters for the new employee. 
2016-07-19 11:18:17 - Adding the employee to table. 
2016-07-19 11:18:17 - Initializing c3p0 pool... com.mchange.v2.c3p0.ComboPooledDataSource [ acquireIncrement -> 1, acquireRetryAttempts -> 30, acquireRetryDelay -> 1000, autoCommitOnClose -> false, automaticTestTable -> null, breakAfterAcquireFailure -> false, checkoutTimeout -> 0, connectionCustomizerClassName -> null, connectionTesterClassName -> com.mchange.v2.c3p0.impl.DefaultConnectionTester, contextClassLoaderSource -> caller, dataSourceName -> 1hge0yu9imbdh01jopqwk|41fbdac4, debugUnreturnedConnectionStackTraces -> false, description -> null, driverClass -> org.postgresql.Driver, extensions -> {}, factoryClassLocation -> null, forceIgnoreUnresolvedTransactions -> false, forceSynchronousCheckins -> false, forceUseNamedDriverClass -> false, identityToken -> 1hge0yu9imbdh01jopqwk|41fbdac4, idleConnectionTestPeriod -> 0, initialPoolSize -> 3, jdbcUrl -> jdbc:postgresql://localhost:5432/restaurant, maxAdministrativeTaskTime -> 0, maxConnectionAge -> 0, maxIdleTime -> 0, maxIdleTimeExcessConnections -> 0, maxPoolSize -> 15, maxStatements -> 0, maxStatementsPerConnection -> 0, minPoolSize -> 1, numHelperThreads -> 3, preferredTestQuery -> null, privilegeSpawnedThreads -> false, properties -> {user=******, password=******}, propertyCycle -> 0, statementCacheNumDeferredCloseThreads -> 0, testConnectionOnCheckin -> false, testConnectionOnCheckout -> false, unreturnedConnectionTimeout -> 0, userOverrides -> {}, usesTraditionalReflectiveProxies -> false ]
2016-07-19 11:18:19 - Find the employee in the table by the name: Maksym
2016-07-19 11:18:19 - Selecting the employee list. 
2016-07-19 11:18:19 - Create the parameters for the new dish. 
2016-07-19 11:18:19 - Adding the dish to table. Dish{id=30, name='Napoleon', category=3, price=50.0, weight=300.0}
2016-07-19 11:18:19 - Delete the dish from the table. 
2016-07-19 11:18:19 - Finding the dish with specific name: Pork
2016-07-19 11:18:19 - Selecting the dish list. 
2016-07-19 11:19:16 - MLog clients using slf4j logging.
2016-07-19 11:19:17 - Initializing c3p0-0.9.5.2 [built 08-December-2015 22:06:04 -0800; debug? true; trace: 10]
2016-07-19 11:19:17 - Create the parameters for the new employee. 
2016-07-19 11:19:17 - Adding the employee to table. Employee{id=15, surname='Harchenko', name='Oleg', dateOfBirth='25-01-1965', phoneNumber='053-123-42-53', position=2, salary=4000.0}
2016-07-19 11:19:17 - Initializing c3p0 pool... com.mchange.v2.c3p0.ComboPooledDataSource [ acquireIncrement -> 1, acquireRetryAttempts -> 30, acquireRetryDelay -> 1000, autoCommitOnClose -> false, automaticTestTable -> null, breakAfterAcquireFailure -> false, checkoutTimeout -> 0, connectionCustomizerClassName -> null, connectionTesterClassName -> com.mchange.v2.c3p0.impl.DefaultConnectionTester, contextClassLoaderSource -> caller, dataSourceName -> 1hge0yu9imcne41trzbtd|41fbdac4, debugUnreturnedConnectionStackTraces -> false, description -> null, driverClass -> org.postgresql.Driver, extensions -> {}, factoryClassLocation -> null, forceIgnoreUnresolvedTransactions -> false, forceSynchronousCheckins -> false, forceUseNamedDriverClass -> false, identityToken -> 1hge0yu9imcne41trzbtd|41fbdac4, idleConnectionTestPeriod -> 0, initialPoolSize -> 3, jdbcUrl -> jdbc:postgresql://localhost:5432/restaurant, maxAdministrativeTaskTime -> 0, maxConnectionAge -> 0, maxIdleTime -> 0, maxIdleTimeExcessConnections -> 0, maxPoolSize -> 15, maxStatements -> 0, maxStatementsPerConnection -> 0, minPoolSize -> 1, numHelperThreads -> 3, preferredTestQuery -> null, privilegeSpawnedThreads -> false, properties -> {user=******, password=******}, propertyCycle -> 0, statementCacheNumDeferredCloseThreads -> 0, testConnectionOnCheckin -> false, testConnectionOnCheckout -> false, unreturnedConnectionTimeout -> 0, userOverrides -> {}, usesTraditionalReflectiveProxies -> false ]
2016-07-19 11:19:24 - Error occurred, while adding employee Employee{id=15, surname='Harchenko', name='Oleg', dateOfBirth='25-01-1965', phoneNumber='053-123-42-53', position=2, salary=4000.0}
2016-07-19 11:20:06 - MLog clients using slf4j logging.
2016-07-19 11:20:06 - Initializing c3p0-0.9.5.2 [built 08-December-2015 22:06:04 -0800; debug? true; trace: 10]
2016-07-19 11:20:13 - Create the parameters for the new employee. 
2016-07-19 11:20:31 - Adding the employee to table. Employee{id=15, surname='Harchenko', name='Oleg', dateOfBirth='25-01-1965', phoneNumber='053-123-42-53', position=2, salary=4000.0}
2016-07-19 11:20:47 - Initializing c3p0 pool... com.mchange.v2.c3p0.ComboPooledDataSource [ acquireIncrement -> 1, acquireRetryAttempts -> 30, acquireRetryDelay -> 1000, autoCommitOnClose -> false, automaticTestTable -> null, breakAfterAcquireFailure -> false, checkoutTimeout -> 0, connectionCustomizerClassName -> null, connectionTesterClassName -> com.mchange.v2.c3p0.impl.DefaultConnectionTester, contextClassLoaderSource -> caller, dataSourceName -> 1hge0yu9imdp9demyq88|32a68f4f, debugUnreturnedConnectionStackTraces -> false, description -> null, driverClass -> org.postgresql.Driver, extensions -> {}, factoryClassLocation -> null, forceIgnoreUnresolvedTransactions -> false, forceSynchronousCheckins -> false, forceUseNamedDriverClass -> false, identityToken -> 1hge0yu9imdp9demyq88|32a68f4f, idleConnectionTestPeriod -> 0, initialPoolSize -> 3, jdbcUrl -> jdbc:postgresql://localhost:5432/restaurant, maxAdministrativeTaskTime -> 0, maxConnectionAge -> 0, maxIdleTime -> 0, maxIdleTimeExcessConnections -> 0, maxPoolSize -> 15, maxStatements -> 0, maxStatementsPerConnection -> 0, minPoolSize -> 1, numHelperThreads -> 3, preferredTestQuery -> null, privilegeSpawnedThreads -> false, properties -> {user=******, password=******}, propertyCycle -> 0, statementCacheNumDeferredCloseThreads -> 0, testConnectionOnCheckin -> false, testConnectionOnCheckout -> false, unreturnedConnectionTimeout -> 0, userOverrides -> {}, usesTraditionalReflectiveProxies -> false ]
2016-07-19 11:21:03 - Error occurred, while adding employee Employee{id=15, surname='Harchenko', name='Oleg', dateOfBirth='25-01-1965', phoneNumber='053-123-42-53', position=2, salary=4000.0}
2016-07-19 11:21:09 - MLog clients using slf4j logging.
2016-07-19 11:21:10 - Initializing c3p0-0.9.5.2 [built 08-December-2015 22:06:04 -0800; debug? true; trace: 10]
2016-07-19 11:22:36 - Create the parameters for the new employee. 
2016-07-19 11:22:40 - Adding the employee to table. Employee{id=15, surname='Harchenko', name='Oleg', dateOfBirth='25-01-1965', phoneNumber='053-123-42-53', position=2, salary=4000.0}
2016-07-19 11:22:46 - Initializing c3p0 pool... com.mchange.v2.c3p0.ComboPooledDataSource [ acquireIncrement -> 1, acquireRetryAttempts -> 30, acquireRetryDelay -> 1000, autoCommitOnClose -> false, automaticTestTable -> null, breakAfterAcquireFailure -> false, checkoutTimeout -> 0, connectionCustomizerClassName -> null, connectionTesterClassName -> com.mchange.v2.c3p0.impl.DefaultConnectionTester, contextClassLoaderSource -> caller, dataSourceName -> 1hge0yu9imf2mb1xgsrm9|32a68f4f, debugUnreturnedConnectionStackTraces -> false, description -> null, driverClass -> org.postgresql.Driver, extensions -> {}, factoryClassLocation -> null, forceIgnoreUnresolvedTransactions -> false, forceSynchronousCheckins -> false, forceUseNamedDriverClass -> false, identityToken -> 1hge0yu9imf2mb1xgsrm9|32a68f4f, idleConnectionTestPeriod -> 0, initialPoolSize -> 3, jdbcUrl -> jdbc:postgresql://localhost:5432/restaurant, maxAdministrativeTaskTime -> 0, maxConnectionAge -> 0, maxIdleTime -> 0, maxIdleTimeExcessConnections -> 0, maxPoolSize -> 15, maxStatements -> 0, maxStatementsPerConnection -> 0, minPoolSize -> 1, numHelperThreads -> 3, preferredTestQuery -> null, privilegeSpawnedThreads -> false, properties -> {user=******, password=******}, propertyCycle -> 0, statementCacheNumDeferredCloseThreads -> 0, testConnectionOnCheckin -> false, testConnectionOnCheckout -> false, unreturnedConnectionTimeout -> 0, userOverrides -> {}, usesTraditionalReflectiveProxies -> false ]
2016-07-19 11:23:10 - MLog clients using slf4j logging.
2016-07-19 11:23:10 - Initializing c3p0-0.9.5.2 [built 08-December-2015 22:06:04 -0800; debug? true; trace: 10]
2016-07-19 11:23:11 - Delete the employee from the table. 
2016-07-19 11:23:11 - Initializing c3p0 pool... com.mchange.v2.c3p0.ComboPooledDataSource [ acquireIncrement -> 1, acquireRetryAttempts -> 30, acquireRetryDelay -> 1000, autoCommitOnClose -> false, automaticTestTable -> null, breakAfterAcquireFailure -> false, checkoutTimeout -> 0, connectionCustomizerClassName -> null, connectionTesterClassName -> com.mchange.v2.c3p0.impl.DefaultConnectionTester, contextClassLoaderSource -> caller, dataSourceName -> 1hge0yu9imhnrn157x2j3|41fbdac4, debugUnreturnedConnectionStackTraces -> false, description -> null, driverClass -> org.postgresql.Driver, extensions -> {}, factoryClassLocation -> null, forceIgnoreUnresolvedTransactions -> false, forceSynchronousCheckins -> false, forceUseNamedDriverClass -> false, identityToken -> 1hge0yu9imhnrn157x2j3|41fbdac4, idleConnectionTestPeriod -> 0, initialPoolSize -> 3, jdbcUrl -> jdbc:postgresql://localhost:5432/restaurant, maxAdministrativeTaskTime -> 0, maxConnectionAge -> 0, maxIdleTime -> 0, maxIdleTimeExcessConnections -> 0, maxPoolSize -> 15, maxStatements -> 0, maxStatementsPerConnection -> 0, minPoolSize -> 1, numHelperThreads -> 3, preferredTestQuery -> null, privilegeSpawnedThreads -> false, properties -> {user=******, password=******}, propertyCycle -> 0, statementCacheNumDeferredCloseThreads -> 0, testConnectionOnCheckin -> false, testConnectionOnCheckout -> false, unreturnedConnectionTimeout -> 0, userOverrides -> {}, usesTraditionalReflectiveProxies -> false ]
2016-07-19 11:23:14 - Find the employee in the table by the name: Maksym
2016-07-19 11:23:15 - Selecting the employee list. 
2016-07-19 11:23:15 - Create the parameters for the new dish. 
2016-07-19 11:23:15 - Adding the dish to table. Dish{id=30, name='Napoleon', category=3, price=50.0, weight=300.0}
2016-07-19 11:23:15 - Delete the dish from the table. 
2016-07-19 11:23:15 - Finding the dish with specific name: Pork
2016-07-19 11:23:15 - Selecting the dish list. 
2016-07-19 11:23:27 - MLog clients using slf4j logging.
2016-07-19 11:23:28 - Initializing c3p0-0.9.5.2 [built 08-December-2015 22:06:04 -0800; debug? true; trace: 10]
2016-07-19 11:23:33 - Create the parameters for the new employee. 
2016-07-19 11:23:36 - Adding the employee to table. Employee{id=15, surname='Harchenko', name='Oleg', dateOfBirth='25-01-1965', phoneNumber='053-123-42-53', position=2, salary=4000.0}
2016-07-19 11:33:02 - MLog clients using slf4j logging.
2016-07-19 11:33:02 - Initializing c3p0-0.9.5.2 [built 08-December-2015 22:06:04 -0800; debug? true; trace: 10]
2016-07-19 11:33:02 - Delete the employee from the table. 
2016-07-19 11:33:03 - Initializing c3p0 pool... com.mchange.v2.c3p0.ComboPooledDataSource [ acquireIncrement -> 1, acquireRetryAttempts -> 30, acquireRetryDelay -> 1000, autoCommitOnClose -> false, automaticTestTable -> null, breakAfterAcquireFailure -> false, checkoutTimeout -> 0, connectionCustomizerClassName -> null, connectionTesterClassName -> com.mchange.v2.c3p0.impl.DefaultConnectionTester, contextClassLoaderSource -> caller, dataSourceName -> 1hge0yu9imucka1qdew32|41fbdac4, debugUnreturnedConnectionStackTraces -> false, description -> null, driverClass -> org.postgresql.Driver, extensions -> {}, factoryClassLocation -> null, forceIgnoreUnresolvedTransactions -> false, forceSynchronousCheckins -> false, forceUseNamedDriverClass -> false, identityToken -> 1hge0yu9imucka1qdew32|41fbdac4, idleConnectionTestPeriod -> 0, initialPoolSize -> 3, jdbcUrl -> jdbc:postgresql://localhost:5432/restaurant, maxAdministrativeTaskTime -> 0, maxConnectionAge -> 0, maxIdleTime -> 0, maxIdleTimeExcessConnections -> 0, maxPoolSize -> 15, maxStatements -> 0, maxStatementsPerConnection -> 0, minPoolSize -> 1, numHelperThreads -> 3, preferredTestQuery -> null, privilegeSpawnedThreads -> false, properties -> {user=******, password=******}, propertyCycle -> 0, statementCacheNumDeferredCloseThreads -> 0, testConnectionOnCheckin -> false, testConnectionOnCheckout -> false, unreturnedConnectionTimeout -> 0, userOverrides -> {}, usesTraditionalReflectiveProxies -> false ]
2016-07-19 11:33:04 - Find the employee in the table by the name: Maksym
2016-07-19 11:33:05 - Selecting the employee list. 
2016-07-19 11:33:05 - Create the parameters for the new dish. 
2016-07-19 11:33:05 - Adding the dish to table. Dish{id=30, name='Napoleon', category=3, price=50.0, weight=300.0}
2016-07-19 11:33:05 - Delete the dish from the table. 
2016-07-19 11:33:05 - Finding the dish with specific name: Pork
2016-07-19 11:33:05 - Selecting the dish list. 
2016-07-19 11:33:34 - MLog clients using slf4j logging.
2016-07-19 11:33:35 - Initializing c3p0-0.9.5.2 [built 08-December-2015 22:06:04 -0800; debug? true; trace: 10]
2016-07-19 11:33:35 - Delete the employee from the table. 
2016-07-19 11:33:35 - Initializing c3p0 pool... com.mchange.v2.c3p0.ComboPooledDataSource [ acquireIncrement -> 1, acquireRetryAttempts -> 30, acquireRetryDelay -> 1000, autoCommitOnClose -> false, automaticTestTable -> null, breakAfterAcquireFailure -> false, checkoutTimeout -> 0, connectionCustomizerClassName -> null, connectionTesterClassName -> com.mchange.v2.c3p0.impl.DefaultConnectionTester, contextClassLoaderSource -> caller, dataSourceName -> 1hge0yu9imv1fy7nor5s|41fbdac4, debugUnreturnedConnectionStackTraces -> false, description -> null, driverClass -> org.postgresql.Driver, extensions -> {}, factoryClassLocation -> null, forceIgnoreUnresolvedTransactions -> false, forceSynchronousCheckins -> false, forceUseNamedDriverClass -> false, identityToken -> 1hge0yu9imv1fy7nor5s|41fbdac4, idleConnectionTestPeriod -> 0, initialPoolSize -> 3, jdbcUrl -> jdbc:postgresql://localhost:5432/restaurant, maxAdministrativeTaskTime -> 0, maxConnectionAge -> 0, maxIdleTime -> 0, maxIdleTimeExcessConnections -> 0, maxPoolSize -> 15, maxStatements -> 0, maxStatementsPerConnection -> 0, minPoolSize -> 1, numHelperThreads -> 3, preferredTestQuery -> null, privilegeSpawnedThreads -> false, properties -> {user=******, password=******}, propertyCycle -> 0, statementCacheNumDeferredCloseThreads -> 0, testConnectionOnCheckin -> false, testConnectionOnCheckout -> false, unreturnedConnectionTimeout -> 0, userOverrides -> {}, usesTraditionalReflectiveProxies -> false ]
2016-07-19 11:33:39 - Find the employee in the table by the name: Maksym
2016-07-19 11:33:39 - Selecting the employee list. 
2016-07-19 11:33:39 - Create the parameters for the new dish. 
2016-07-19 11:33:39 - Adding the dish to table. Dish{id=30, name='Napoleon', category=3, price=50.0, weight=300.0}
2016-07-19 11:33:40 - Delete the dish from the table. 
2016-07-19 11:33:40 - Finding the dish with specific name: Pork
2016-07-19 11:33:40 - Selecting the dish list. 
2016-07-19 11:34:20 - MLog clients using slf4j logging.
2016-07-19 11:34:20 - Initializing c3p0-0.9.5.2 [built 08-December-2015 22:06:04 -0800; debug? true; trace: 10]
2016-07-19 11:34:27 - Create the parameters for the new employee. 
2016-07-19 11:34:42 - Adding the employee to table. Employee{id=15, surname='Harchenko', name='Oleg', dateOfBirth='25-01-1965', phoneNumber='053-123-42-53', position=2, salary=4000.0}
2016-07-19 11:35:46 - Initializing c3p0 pool... com.mchange.v2.c3p0.ComboPooledDataSource [ acquireIncrement -> 1, acquireRetryAttempts -> 30, acquireRetryDelay -> 1000, autoCommitOnClose -> false, automaticTestTable -> null, breakAfterAcquireFailure -> false, checkoutTimeout -> 0, connectionCustomizerClassName -> null, connectionTesterClassName -> com.mchange.v2.c3p0.impl.DefaultConnectionTester, contextClassLoaderSource -> caller, dataSourceName -> 1hge0yu9imw0i8ppm16d|32a68f4f, debugUnreturnedConnectionStackTraces -> false, description -> null, driverClass -> org.postgresql.Driver, extensions -> {}, factoryClassLocation -> null, forceIgnoreUnresolvedTransactions -> false, forceSynchronousCheckins -> false, forceUseNamedDriverClass -> false, identityToken -> 1hge0yu9imw0i8ppm16d|32a68f4f, idleConnectionTestPeriod -> 0, initialPoolSize -> 3, jdbcUrl -> jdbc:postgresql://localhost:5432/restaurant, maxAdministrativeTaskTime -> 0, maxConnectionAge -> 0, maxIdleTime -> 0, maxIdleTimeExcessConnections -> 0, maxPoolSize -> 15, maxStatements -> 0, maxStatementsPerConnection -> 0, minPoolSize -> 1, numHelperThreads -> 3, preferredTestQuery -> null, privilegeSpawnedThreads -> false, properties -> {user=******, password=******}, propertyCycle -> 0, statementCacheNumDeferredCloseThreads -> 0, testConnectionOnCheckin -> false, testConnectionOnCheckout -> false, unreturnedConnectionTimeout -> 0, userOverrides -> {}, usesTraditionalReflectiveProxies -> false ]
2016-07-19 11:36:17 - Delete the employee from the table. 
2016-07-19 11:38:09 - Find the employee in the table by the name: Maksym
2016-07-19 11:38:13 - MLog clients using slf4j logging.
2016-07-19 11:38:13 - Initializing c3p0-0.9.5.2 [built 08-December-2015 22:06:04 -0800; debug? true; trace: 10]
2016-07-19 11:38:17 - Create the parameters for the new employee. 
2016-07-19 11:38:17 - Adding the employee to table. Employee{id=15, surname='Harchenko', name='Oleg', dateOfBirth='25-01-1965', phoneNumber='053-123-42-53', position=2, salary=4000.0}
2016-07-19 11:38:17 - Initializing c3p0 pool... com.mchange.v2.c3p0.ComboPooledDataSource [ acquireIncrement -> 1, acquireRetryAttempts -> 30, acquireRetryDelay -> 1000, autoCommitOnClose -> false, automaticTestTable -> null, breakAfterAcquireFailure -> false, checkoutTimeout -> 0, connectionCustomizerClassName -> null, connectionTesterClassName -> com.mchange.v2.c3p0.impl.DefaultConnectionTester, contextClassLoaderSource -> caller, dataSourceName -> 1hge0yu9in10gcxnv9k4|32a68f4f, debugUnreturnedConnectionStackTraces -> false, description -> null, driverClass -> org.postgresql.Driver, extensions -> {}, factoryClassLocation -> null, forceIgnoreUnresolvedTransactions -> false, forceSynchronousCheckins -> false, forceUseNamedDriverClass -> false, identityToken -> 1hge0yu9in10gcxnv9k4|32a68f4f, idleConnectionTestPeriod -> 0, initialPoolSize -> 3, jdbcUrl -> jdbc:postgresql://localhost:5432/restaurant, maxAdministrativeTaskTime -> 0, maxConnectionAge -> 0, maxIdleTime -> 0, maxIdleTimeExcessConnections -> 0, maxPoolSize -> 15, maxStatements -> 0, maxStatementsPerConnection -> 0, minPoolSize -> 1, numHelperThreads -> 3, preferredTestQuery -> null, privilegeSpawnedThreads -> false, properties -> {user=******, password=******}, propertyCycle -> 0, statementCacheNumDeferredCloseThreads -> 0, testConnectionOnCheckin -> false, testConnectionOnCheckout -> false, unreturnedConnectionTimeout -> 0, userOverrides -> {}, usesTraditionalReflectiveProxies -> false ]
2016-07-19 11:38:21 - Delete the employee from the table. 
2016-07-19 11:38:22 - Find the employee in the table by the name: Maksym
2016-07-19 11:38:26 - Selecting the employee list. 
2016-07-19 11:38:29 - Create the parameters for the new dish. 
2016-07-19 11:38:29 - Adding the dish to table. Dish{id=30, name='Napoleon', category=3, price=50.0, weight=300.0}
2016-07-19 11:39:15 - Delete the dish from the table. 
2016-07-19 11:39:57 - Finding the dish with specific name: Pork
2016-07-19 11:39:57 - Selecting the dish list. 
2016-07-19 11:47:57 - Error occurred, while adding employee Employee{id=15, surname='Harchenko', name='Oleg', dateOfBirth='25-01-1965', phoneNumber='053-123-42-53', position=2, salary=4000.0}
2016-07-19 11:48:20 - MLog clients using slf4j logging.
2016-07-19 11:48:20 - Initializing c3p0-0.9.5.2 [built 08-December-2015 22:06:04 -0800; debug? true; trace: 10]
2016-07-19 11:48:21 - Create the parameters for the new employee. 
2016-07-19 11:48:21 - Adding the employee to table. Employee{id=15, surname='Harchenko', name='Oleg', dateOfBirth='25-01-1965', phoneNumber='053-123-42-53', position=2, salary=4000.0}
2016-07-19 11:48:21 - Initializing c3p0 pool... com.mchange.v2.c3p0.ComboPooledDataSource [ acquireIncrement -> 1, acquireRetryAttempts -> 30, acquireRetryDelay -> 1000, autoCommitOnClose -> false, automaticTestTable -> null, breakAfterAcquireFailure -> false, checkoutTimeout -> 0, connectionCustomizerClassName -> null, connectionTesterClassName -> com.mchange.v2.c3p0.impl.DefaultConnectionTester, contextClassLoaderSource -> caller, dataSourceName -> 1hge0yu9ine0y31tmyy15|41fbdac4, debugUnreturnedConnectionStackTraces -> false, description -> null, driverClass -> org.postgresql.Driver, extensions -> {}, factoryClassLocation -> null, forceIgnoreUnresolvedTransactions -> false, forceSynchronousCheckins -> false, forceUseNamedDriverClass -> false, identityToken -> 1hge0yu9ine0y31tmyy15|41fbdac4, idleConnectionTestPeriod -> 0, initialPoolSize -> 3, jdbcUrl -> jdbc:postgresql://localhost:5432/restaurant, maxAdministrativeTaskTime -> 0, maxConnectionAge -> 0, maxIdleTime -> 0, maxIdleTimeExcessConnections -> 0, maxPoolSize -> 15, maxStatements -> 0, maxStatementsPerConnection -> 0, minPoolSize -> 1, numHelperThreads -> 3, preferredTestQuery -> null, privilegeSpawnedThreads -> false, properties -> {user=******, password=******}, propertyCycle -> 0, statementCacheNumDeferredCloseThreads -> 0, testConnectionOnCheckin -> false, testConnectionOnCheckout -> false, unreturnedConnectionTimeout -> 0, userOverrides -> {}, usesTraditionalReflectiveProxies -> false ]
2016-07-19 11:48:26 - Delete the employee from the table. 
2016-07-19 11:48:26 - Find the employee in the table by the name: Maksym
2016-07-19 11:48:27 - Selecting the employee list. 
2016-07-19 11:48:27 - Create the parameters for the new dish. 
2016-07-19 11:48:27 - Adding the dish to table. Dish{id=30, name='Napoleon', category=3, price=50.0, weight=300.0}
2016-07-19 11:48:27 - Delete the dish from the table. 
2016-07-19 11:48:27 - Finding the dish with specific name: Pork
2016-07-19 11:48:27 - Selecting the dish list. 
2016-07-19 12:15:16 - MLog clients using slf4j logging.
2016-07-19 12:15:16 - Initializing c3p0-0.9.5.2 [built 08-December-2015 22:06:04 -0800; debug? true; trace: 10]
2016-07-19 12:15:16 - Create the parameters for the new employee. 
2016-07-19 12:15:16 - Adding the employee to table. Employee{id=15, surname='Harchenko', name='Oleg', dateOfBirth='25-01-1965', phoneNumber='053-123-42-53', position=2, salary=4000.0}
2016-07-19 12:15:16 - Initializing c3p0 pool... com.mchange.v2.c3p0.ComboPooledDataSource [ acquireIncrement -> 1, acquireRetryAttempts -> 30, acquireRetryDelay -> 1000, autoCommitOnClose -> false, automaticTestTable -> null, breakAfterAcquireFailure -> false, checkoutTimeout -> 0, connectionCustomizerClassName -> null, connectionTesterClassName -> com.mchange.v2.c3p0.impl.DefaultConnectionTester, contextClassLoaderSource -> caller, dataSourceName -> 1hge0yu9iocneq1i6fem1|41fbdac4, debugUnreturnedConnectionStackTraces -> false, description -> null, driverClass -> org.postgresql.Driver, extensions -> {}, factoryClassLocation -> null, forceIgnoreUnresolvedTransactions -> false, forceSynchronousCheckins -> false, forceUseNamedDriverClass -> false, identityToken -> 1hge0yu9iocneq1i6fem1|41fbdac4, idleConnectionTestPeriod -> 0, initialPoolSize -> 3, jdbcUrl -> jdbc:postgresql://localhost:5432/restaurant, maxAdministrativeTaskTime -> 0, maxConnectionAge -> 0, maxIdleTime -> 0, maxIdleTimeExcessConnections -> 0, maxPoolSize -> 15, maxStatements -> 0, maxStatementsPerConnection -> 0, minPoolSize -> 1, numHelperThreads -> 3, preferredTestQuery -> null, privilegeSpawnedThreads -> false, properties -> {user=******, password=******}, propertyCycle -> 0, statementCacheNumDeferredCloseThreads -> 0, testConnectionOnCheckin -> false, testConnectionOnCheckout -> false, unreturnedConnectionTimeout -> 0, userOverrides -> {}, usesTraditionalReflectiveProxies -> false ]
2016-07-19 12:15:18 - Delete the employee from the table. 
2016-07-19 12:15:18 - Find the employee in the table by the name: Maksym
2016-07-19 12:15:18 - Selecting the employee list. 
2016-07-19 12:15:18 - Create the parameters for the new dish. 
2016-07-19 12:15:18 - Adding the dish to table. Dish{id=30, name='Napoleon', category=3, price=50.0, weight=300.0}
2016-07-19 12:15:18 - Delete the dish from the table. 
2016-07-19 12:15:18 - Finding the dish with specific name: Pork
2016-07-19 12:15:18 - Selecting the dish list. 
2016-07-19 12:22:43 - MLog clients using slf4j logging.
2016-07-19 12:22:43 - Initializing c3p0-0.9.5.2 [built 08-December-2015 22:06:04 -0800; debug? true; trace: 10]
2016-07-19 12:22:43 - Create the parameters for the new employee. 
2016-07-19 12:22:43 - Adding the employee to table. Employee{id=15, surname='Harchenko', name='Oleg', dateOfBirth='25-01-1965', phoneNumber='053-123-42-53', position=2, salary=4000.0}
2016-07-19 12:22:43 - Initializing c3p0 pool... com.mchange.v2.c3p0.ComboPooledDataSource [ acquireIncrement -> 1, acquireRetryAttempts -> 30, acquireRetryDelay -> 1000, autoCommitOnClose -> false, automaticTestTable -> null, breakAfterAcquireFailure -> false, checkoutTimeout -> 0, connectionCustomizerClassName -> null, connectionTesterClassName -> com.mchange.v2.c3p0.impl.DefaultConnectionTester, contextClassLoaderSource -> caller, dataSourceName -> 1hge0yu9iom8ax1ps0375|41fbdac4, debugUnreturnedConnectionStackTraces -> false, description -> null, driverClass -> org.postgresql.Driver, extensions -> {}, factoryClassLocation -> null, forceIgnoreUnresolvedTransactions -> false, forceSynchronousCheckins -> false, forceUseNamedDriverClass -> false, identityToken -> 1hge0yu9iom8ax1ps0375|41fbdac4, idleConnectionTestPeriod -> 0, initialPoolSize -> 3, jdbcUrl -> jdbc:postgresql://localhost:5432/restaurant, maxAdministrativeTaskTime -> 0, maxConnectionAge -> 0, maxIdleTime -> 0, maxIdleTimeExcessConnections -> 0, maxPoolSize -> 15, maxStatements -> 0, maxStatementsPerConnection -> 0, minPoolSize -> 1, numHelperThreads -> 3, preferredTestQuery -> null, privilegeSpawnedThreads -> false, properties -> {user=******, password=******}, propertyCycle -> 0, statementCacheNumDeferredCloseThreads -> 0, testConnectionOnCheckin -> false, testConnectionOnCheckout -> false, unreturnedConnectionTimeout -> 0, userOverrides -> {}, usesTraditionalReflectiveProxies -> false ]
2016-07-19 12:22:47 - Delete the employee from the table. 
2016-07-19 12:22:47 - Find the employee in the table by the name: Maksym
2016-07-19 12:22:48 - Selecting the employee list. 
2016-07-19 12:22:48 - Create the parameters for the new dish. 
2016-07-19 12:22:48 - Adding the dish to table. Dish{id=30, name='Napoleon', category=3, price=50.0, weight=300.0}
2016-07-19 12:22:48 - Delete the dish from the table. 
2016-07-19 12:22:48 - Finding the dish with specific name: Pork
2016-07-19 12:22:48 - Selecting the dish list. 
2016-07-19 16:36:37 - MLog clients using slf4j logging.
2016-07-19 16:36:38 - Initializing c3p0-0.9.5.2 [built 08-December-2015 22:06:04 -0800; debug? true; trace: 10]
2016-07-19 16:36:39 - Create the parameters for the new employee. 
2016-07-19 16:36:39 - Adding the employee to table. Employee{id=15, surname='Harchenko', name='Oleg', dateOfBirth='25-01-1965', phoneNumber='053-123-42-53', position=2, salary=4000.0}
2016-07-19 16:36:39 - Initializing c3p0 pool... com.mchange.v2.c3p0.ComboPooledDataSource [ acquireIncrement -> 1, acquireRetryAttempts -> 30, acquireRetryDelay -> 1000, autoCommitOnClose -> false, automaticTestTable -> null, breakAfterAcquireFailure -> false, checkoutTimeout -> 0, connectionCustomizerClassName -> null, connectionTesterClassName -> com.mchange.v2.c3p0.impl.DefaultConnectionTester, contextClassLoaderSource -> caller, dataSourceName -> 1hge0yu9ixorjg1114w8w|41fbdac4, debugUnreturnedConnectionStackTraces -> false, description -> null, driverClass -> org.postgresql.Driver, extensions -> {}, factoryClassLocation -> null, forceIgnoreUnresolvedTransactions -> false, forceSynchronousCheckins -> false, forceUseNamedDriverClass -> false, identityToken -> 1hge0yu9ixorjg1114w8w|41fbdac4, idleConnectionTestPeriod -> 0, initialPoolSize -> 3, jdbcUrl -> jdbc:postgresql://localhost:5432/restaurant, maxAdministrativeTaskTime -> 0, maxConnectionAge -> 0, maxIdleTime -> 0, maxIdleTimeExcessConnections -> 0, maxPoolSize -> 15, maxStatements -> 0, maxStatementsPerConnection -> 0, minPoolSize -> 1, numHelperThreads -> 3, preferredTestQuery -> null, privilegeSpawnedThreads -> false, properties -> {user=******, password=******}, propertyCycle -> 0, statementCacheNumDeferredCloseThreads -> 0, testConnectionOnCheckin -> false, testConnectionOnCheckout -> false, unreturnedConnectionTimeout -> 0, userOverrides -> {}, usesTraditionalReflectiveProxies -> false ]
2016-07-19 16:36:42 - Delete the employee from the table. 
2016-07-19 16:36:42 - Find the employee in the table by the name: Maksym
2016-07-19 16:36:42 - Selecting the employee list. 
2016-07-19 16:36:42 - Create the parameters for the new dish. 
2016-07-19 16:36:42 - Adding the dish to table. Dish{id=30, name='Napoleon', category=3, price=50.0, weight=300.0}
2016-07-19 16:36:42 - Delete the dish from the table. 
2016-07-19 16:36:42 - Finding the dish with specific name: Pork
2016-07-19 16:36:42 - Selecting the dish list. 
